<?xml version="1.0" encoding="UTF-8"?>
<!-- Generated by org.testng.reporters.JUnitXMLReporter -->
<testsuite ignored="0" hostname="DESKTOP-1VNNIKF" failures="1" tests="2" name="Command line test" time="210.735" errors="0" timestamp="2024-09-08T19:21:02 PKT">
  <testcase classname="tests.BaseClass" name="@AfterTest tearDown" time="0.019">
    <failure type="org.openqa.selenium.NoSuchSessionException" message="A session is either terminated or not started
Build info: version: &amp;apos;4.13.0&amp;apos;, revision: &amp;apos;ba948ece5b*&amp;apos;
System info: os.name: &amp;apos;Windows 11&amp;apos;, os.arch: &amp;apos;amd64&amp;apos;, os.version: &amp;apos;10.0&amp;apos;, java.version: &amp;apos;22.0.2&amp;apos;
Driver info: io.appium.java_client.AppiumDriver
Command: [6ec7e82f-3223-4c46-b02b-41d36a7e79d3, quit {}]
Capabilities {appium:appActivity: com.eeldatasystems.cudaexpo..., appium:appPackage: com.eeldatasystems.cudaexpo, appium:automationName: UiAutomator2, appium:databaseEnabled: false, appium:desired: {appActivity: com.eeldatasystems.cudaexpo..., appPackage: com.eeldatasystems.cudaexpo, automationName: UiAutomator2, deviceName: CudaAT, newCommandTimeout: 60, platformName: Android, platformVersion: 13, udid: emulator-5554, w3c: false}, appium:deviceApiLevel: 33, appium:deviceManufacturer: Google, appium:deviceModel: sdk_gphone64_x86_64, appium:deviceName: emulator-5554, appium:deviceScreenDensity: 420, appium:deviceScreenSize: 1080x2400, appium:deviceUDID: emulator-5554, appium:javascriptEnabled: true, appium:locationContextEnabled: false, appium:networkConnectionEnabled: true, appium:newCommandTimeout: 60, appium:pixelRatio: 2.625, appium:platformVersion: 13, appium:statBarHeight: 63, appium:takesScreenshot: true, appium:udid: emulator-5554, appium:viewportRect: {height: 2337, left: 0, top: 63, width: 1080}, appium:w3c: false, appium:warnings: {}, appium:webStorageEnabled: false, platformName: ANDROID}
Session ID: 6ec7e82f-3223-4c46-b02b-41d36a7e79d3">
      <![CDATA[org.openqa.selenium.NoSuchSessionException: A session is either terminated or not started
Build info: version: '4.13.0', revision: 'ba948ece5b*'
System info: os.name: 'Windows 11', os.arch: 'amd64', os.version: '10.0', java.version: '22.0.2'
Driver info: io.appium.java_client.AppiumDriver
Command: [6ec7e82f-3223-4c46-b02b-41d36a7e79d3, quit {}]
Capabilities {appium:appActivity: com.eeldatasystems.cudaexpo..., appium:appPackage: com.eeldatasystems.cudaexpo, appium:automationName: UiAutomator2, appium:databaseEnabled: false, appium:desired: {appActivity: com.eeldatasystems.cudaexpo..., appPackage: com.eeldatasystems.cudaexpo, automationName: UiAutomator2, deviceName: CudaAT, newCommandTimeout: 60, platformName: Android, platformVersion: 13, udid: emulator-5554, w3c: false}, appium:deviceApiLevel: 33, appium:deviceManufacturer: Google, appium:deviceModel: sdk_gphone64_x86_64, appium:deviceName: emulator-5554, appium:deviceScreenDensity: 420, appium:deviceScreenSize: 1080x2400, appium:deviceUDID: emulator-5554, appium:javascriptEnabled: true, appium:locationContextEnabled: false, appium:networkConnectionEnabled: true, appium:newCommandTimeout: 60, appium:pixelRatio: 2.625, appium:platformVersion: 13, appium:statBarHeight: 63, appium:takesScreenshot: true, appium:udid: emulator-5554, appium:viewportRect: {height: 2337, left: 0, top: 63, width: 1080}, appium:w3c: false, appium:warnings: {}, appium:webStorageEnabled: false, platformName: ANDROID}
Session ID: 6ec7e82f-3223-4c46-b02b-41d36a7e79d3
at org.openqa.selenium.remote.codec.w3c.W3CHttpResponseCodec.createException(W3CHttpResponseCodec.java:200)
at org.openqa.selenium.remote.codec.w3c.W3CHttpResponseCodec.decode(W3CHttpResponseCodec.java:133)
at org.openqa.selenium.remote.codec.w3c.W3CHttpResponseCodec.decode(W3CHttpResponseCodec.java:52)
at org.openqa.selenium.remote.HttpCommandExecutor.execute(HttpCommandExecutor.java:191)
at io.appium.java_client.remote.AppiumCommandExecutor.execute(AppiumCommandExecutor.java:250)
at org.openqa.selenium.remote.RemoteWebDriver.execute(RemoteWebDriver.java:602)
at org.openqa.selenium.remote.RemoteWebDriver.execute(RemoteWebDriver.java:675)
at io.appium.java_client.AppiumDriver.execute(AppiumDriver.java:313)
at org.openqa.selenium.remote.RemoteWebDriver.quit(RemoteWebDriver.java:437)
at tests.BaseClass.tearDown(BaseClass.java:40)
at fixtures.TestOrchestration.main(TestOrchestration.java:48)
... Removed 22 stack frames]]>
    </failure>
  </testcase> <!-- @AfterTest tearDown -->
  <testcase classname="tests.LoginTest" name="login" time="43.449"/>
  <testcase classname="tests.MyRouteTest" name="testMyRouteInfo" time="143.48">
    <failure type="org.openqa.selenium.WebDriverException" message="An unknown server-side error occurred while processing the command. Original error: The process has received SIGINT signal
Build info: version: &amp;apos;4.13.0&amp;apos;, revision: &amp;apos;ba948ece5b*&amp;apos;
System info: os.name: &amp;apos;Windows 11&amp;apos;, os.arch: &amp;apos;amd64&amp;apos;, os.version: &amp;apos;10.0&amp;apos;, java.version: &amp;apos;22.0.2&amp;apos;
Driver info: io.appium.java_client.AppiumDriver
Command: [6ec7e82f-3223-4c46-b02b-41d36a7e79d3, findElement {using=xpath, value=//android.widget.TextView[@text=&amp;apos;MyFirstRef&amp;apos;]}]
Capabilities {appium:appActivity: com.eeldatasystems.cudaexpo..., appium:appPackage: com.eeldatasystems.cudaexpo, appium:automationName: UiAutomator2, appium:databaseEnabled: false, appium:desired: {appActivity: com.eeldatasystems.cudaexpo..., appPackage: com.eeldatasystems.cudaexpo, automationName: UiAutomator2, deviceName: CudaAT, newCommandTimeout: 60, platformName: Android, platformVersion: 13, udid: emulator-5554, w3c: false}, appium:deviceApiLevel: 33, appium:deviceManufacturer: Google, appium:deviceModel: sdk_gphone64_x86_64, appium:deviceName: emulator-5554, appium:deviceScreenDensity: 420, appium:deviceScreenSize: 1080x2400, appium:deviceUDID: emulator-5554, appium:javascriptEnabled: true, appium:locationContextEnabled: false, appium:networkConnectionEnabled: true, appium:newCommandTimeout: 60, appium:pixelRatio: 2.625, appium:platformVersion: 13, appium:statBarHeight: 63, appium:takesScreenshot: true, appium:udid: emulator-5554, appium:viewportRect: {height: 2337, left: 0, top: 63, width: 1080}, appium:w3c: false, appium:warnings: {}, appium:webStorageEnabled: false, platformName: ANDROID}
Session ID: 6ec7e82f-3223-4c46-b02b-41d36a7e79d3">
      <![CDATA[org.openqa.selenium.WebDriverException: An unknown server-side error occurred while processing the command. Original error: The process has received SIGINT signal
Build info: version: '4.13.0', revision: 'ba948ece5b*'
System info: os.name: 'Windows 11', os.arch: 'amd64', os.version: '10.0', java.version: '22.0.2'
Driver info: io.appium.java_client.AppiumDriver
Command: [6ec7e82f-3223-4c46-b02b-41d36a7e79d3, findElement {using=xpath, value=//android.widget.TextView[@text='MyFirstRef']}]
Capabilities {appium:appActivity: com.eeldatasystems.cudaexpo..., appium:appPackage: com.eeldatasystems.cudaexpo, appium:automationName: UiAutomator2, appium:databaseEnabled: false, appium:desired: {appActivity: com.eeldatasystems.cudaexpo..., appPackage: com.eeldatasystems.cudaexpo, automationName: UiAutomator2, deviceName: CudaAT, newCommandTimeout: 60, platformName: Android, platformVersion: 13, udid: emulator-5554, w3c: false}, appium:deviceApiLevel: 33, appium:deviceManufacturer: Google, appium:deviceModel: sdk_gphone64_x86_64, appium:deviceName: emulator-5554, appium:deviceScreenDensity: 420, appium:deviceScreenSize: 1080x2400, appium:deviceUDID: emulator-5554, appium:javascriptEnabled: true, appium:locationContextEnabled: false, appium:networkConnectionEnabled: true, appium:newCommandTimeout: 60, appium:pixelRatio: 2.625, appium:platformVersion: 13, appium:statBarHeight: 63, appium:takesScreenshot: true, appium:udid: emulator-5554, appium:viewportRect: {height: 2337, left: 0, top: 63, width: 1080}, appium:w3c: false, appium:warnings: {}, appium:webStorageEnabled: false, platformName: ANDROID}
Session ID: 6ec7e82f-3223-4c46-b02b-41d36a7e79d3
at org.openqa.selenium.remote.codec.w3c.W3CHttpResponseCodec.createException(W3CHttpResponseCodec.java:200)
at org.openqa.selenium.remote.codec.w3c.W3CHttpResponseCodec.decode(W3CHttpResponseCodec.java:133)
at org.openqa.selenium.remote.codec.w3c.W3CHttpResponseCodec.decode(W3CHttpResponseCodec.java:52)
at org.openqa.selenium.remote.HttpCommandExecutor.execute(HttpCommandExecutor.java:191)
at io.appium.java_client.remote.AppiumCommandExecutor.execute(AppiumCommandExecutor.java:250)
at org.openqa.selenium.remote.RemoteWebDriver.execute(RemoteWebDriver.java:602)
at org.openqa.selenium.remote.ElementLocation$ElementFinder$2.findElement(ElementLocation.java:165)
at org.openqa.selenium.remote.ElementLocation.findElement(ElementLocation.java:59)
at org.openqa.selenium.remote.RemoteWebDriver.findElement(RemoteWebDriver.java:359)
at org.openqa.selenium.remote.RemoteWebDriver.findElement(RemoteWebDriver.java:353)
at pages.MyRoutePage.getMyRouteInfo(MyRoutePage.java:28)
at pages.MyRoutePage.getMyRouteInfoText(MyRoutePage.java:33)
at pages.MyRoutePage.verifyMyRouteInfo(MyRoutePage.java:39)
at tests.MyRouteTest.testMyRouteInfo(MyRouteTest.java:15)
at java.base/java.util.ArrayList.forEach(ArrayList.java:1597)
at fixtures.TestOrchestration.main(TestOrchestration.java:48)
... Removed 25 stack frames]]>
    </failure>
  </testcase> <!-- testMyRouteInfo -->
</testsuite> <!-- Command line test -->
