<?xml version="1.0" encoding="UTF-8"?>
<!-- Generated by org.testng.reporters.JUnitXMLReporter -->
<testsuite ignored="2" hostname="DESKTOP-1VNNIKF" failures="0" tests="2" name="LoginAndRouteInfoTest" time="60.158" errors="0" timestamp="2024-09-15T15:28:03 PKT">
  <testcase classname="tests.LoginTest" name="login" time="38.476"/>
  <testcase classname="tests.MyRouteTest" name="testMyRouteInfo" time="0.211"/>
  <testcase classname="tests.BaseClass" name="@BeforeTest setup" time="0.0">
    <ignored/>
  </testcase> <!-- @BeforeTest setup -->
  <testcase classname="tests.BaseClass" name="@AfterTest tearDown" time="0.0">
    <ignored/>
  </testcase> <!-- @AfterTest tearDown -->
</testsuite> <!-- LoginAndRouteInfoTest -->
